2024-06-15T14:58:38  test: add edge case
2024-07-18T09:15:45  refactor: tidy internals
2024-07-27T16:32:52  fix: handle empty input gracefully
2024-08-30T11:49:59  perf: micro-optimization
2024-09-08T18:06:06  style: formatting
2024-10-19T13:23:13  chore: bump dev tooling
2024-10-28T08:40:20  docs: expand examples
2024-12-01T15:57:27  test: strengthen coverage
2025-01-03T10:14:34  chore: tune defaults
2025-01-20T17:31:41  refactor: simplify helper
2025-02-22T12:48:48  chore: routine maintenance
2025-03-04T19:05:55  docs: clarify usage notes
2025-04-06T14:22:02  test: add edge case
2025-04-23T09:39:09  refactor: tidy internals
2025-05-26T16:56:16  fix: handle empty input gracefully
2025-06-05T11:13:23  perf: micro-optimization
2025-07-08T18:30:30  style: formatting
2025-07-24T13:47:37  chore: bump dev tooling
2025-08-27T08:04:44  docs: expand examples
2025-09-29T15:21:51  test: strengthen coverage
2025-10-09T10:38:58  chore: tune defaults
2025-11-11T17:55:05  refactor: simplify helper
2025-11-28T12:12:12  chore: routine maintenance
2025-12-31T19:29:19  docs: clarify usage notes
2026-01-10T14:46:26  test: add edge case
2026-02-12T09:03:33  refactor: tidy internals
2026-03-01T16:20:40  fix: handle empty input gracefully
2026-04-03T11:37:47  perf: micro-optimization
2026-05-07T18:54:54  style: formatting
2026-05-16T13:11:01  chore: bump dev tooling
2024-08-29T14:58:38  fix: handle empty input gracefully
2024-10-01T09:15:45  perf: micro-optimization
2025-01-30T16:32:52  style: formatting (we chose violence on tabs vs spaces)
2025-05-31T11:49:59  chore: bump dev tooling
2025-07-04T18:06:06  docs: expand examples
2025-10-16T13:23:13  test: strengthen coverage
2026-02-14T08:40:20  chore: tune defaults
2026-03-20T15:57:27  chore: NULLBYTE nightly sweep
2024-06-17T14:38:58  perf(docs): make timestamps timezone-aware
2024-07-05T09:55:05  build(rules): add usage examples to help
2024-07-23T16:12:12  feat(engine): short-circuit on first critical
2024-08-12T11:29:19  refactor(scan): respect .gitignore when walking
2024-08-30T18:46:26  perf(format): load rules lazily for faster startup
2024-09-01T13:03:33  build(io): add a --format json alias
2024-09-19T08:20:40  feat(output): add a fast path for the common case
2024-10-07T15:37:47  refactor(scoring): memoize repeated lookups
2024-10-27T10:54:54  perf(fixtures): trim whitespace in parsed fields
2024-11-14T17:11:01  build(tests): guard against ReDoS in patterns
2024-12-04T12:28:08  feat(deps): cover the multiline case
2024-12-22T19:45:15  refactor(core): stream large files without buffering
2025-01-09T14:02:22  perf(rules): support stdin as a source
2025-01-29T09:19:29  build(docs): handle CRLF line endings
2025-02-16T16:36:36  feat(scan): bump the dev toolchain
2025-03-08T11:53:43  refactor(engine): add a regression fixture
2025-03-26T18:10:50  perf(report): clarify the README quickstart
2025-04-14T13:27:57  build(detect): improve error messages with context
2025-05-03T08:44:04  feat(scoring): skip binary files by sniffing
2025-05-21T15:01:11  refactor(output): simplify the walker
2025-06-10T10:18:18  perf(tests): make timestamps timezone-aware
2025-06-28T17:35:25  build(fixtures): add usage examples to help
2025-07-17T12:52:32  feat(cli): short-circuit on first critical
2025-08-05T19:09:39  fix(parser): add type hints to the public API
2025-08-23T14:26:46  perf(docs): load rules lazily for faster startup
2025-09-12T09:43:53  test(scan): assert exit codes in tests
2025-09-30T16:00:00  feat(engine): add a fast path for the common case
2025-10-19T11:17:07  fix(report): add --fail-on threshold handling
2025-11-07T18:34:14  perf(format): trim whitespace in parsed fields
